<?xml version="1.0" encoding="UTF-8"?>
<!-- Generated by org.testng.reporters.JUnitXMLReporter -->
<testsuite ignored="6" hostname="pc0557" failures="3" tests="4" name="Test" time="16.619" errors="0" timestamp="29 Jun 2023 04:45:57 GMT">
  <testcase classname="com.Module_11.rough.TC_001_Rough" name="doLogin" time="5.117">
    <failure type="java.lang.RuntimeException" message="Failed to create driver">
      <![CDATA[java.lang.RuntimeException: Failed to create driver
at com.microsoft.playwright.impl.driver.Driver.ensureDriverInstalled(Driver.java:60)
at com.microsoft.playwright.impl.PlaywrightImpl.create(PlaywrightImpl.java:41)
at com.microsoft.playwright.Playwright.create(Playwright.java:96)
at com.microsoft.playwright.Playwright.create(Playwright.java:100)
at com.Module_11.base.BaseTest.getBrowser(BaseTest.java:138)
at com.Module_11.rough.TC_001_Rough.doLogin(TC_001_Rough.java:11)
at java.base/java.util.concurrent.FutureTask.run(FutureTask.java:264)
at java.base/java.util.concurrent.ThreadPoolExecutor.runWorker(ThreadPoolExecutor.java:1136)
at java.base/java.util.concurrent.ThreadPoolExecutor$Worker.run(ThreadPoolExecutor.java:635)
at java.base/java.lang.Thread.run(Thread.java:833)
Caused by: java.lang.RuntimeException: Failed to install browsers, exit code: 1
at com.microsoft.playwright.impl.driver.jar.DriverJar.installBrowsers(DriverJar.java:83)
at com.microsoft.playwright.impl.driver.jar.DriverJar.initialize(DriverJar.java:51)
at com.microsoft.playwright.impl.driver.Driver.ensureDriverInstalled(Driver.java:56)
... 25 more
... Removed 16 stack frames]]>
    </failure>
  </testcase> <!-- doLogin -->
  <testcase classname="com.Module_11.testcases.TC_001_ManagerLogin" name="loginAsBankManager" time="4.859">
    <failure type="java.lang.RuntimeException" message="Failed to create driver">
      <![CDATA[java.lang.RuntimeException: Failed to create driver
at com.microsoft.playwright.impl.driver.Driver.ensureDriverInstalled(Driver.java:60)
at com.microsoft.playwright.impl.PlaywrightImpl.create(PlaywrightImpl.java:41)
at com.microsoft.playwright.Playwright.create(Playwright.java:96)
at com.microsoft.playwright.Playwright.create(Playwright.java:100)
at com.Module_11.base.BaseTest.getBrowser(BaseTest.java:138)
at com.Module_11.testcases.TC_001_ManagerLogin.loginAsBankManager(TC_001_ManagerLogin.java:13)
at java.base/java.util.concurrent.FutureTask.run(FutureTask.java:264)
at java.base/java.util.concurrent.ThreadPoolExecutor.runWorker(ThreadPoolExecutor.java:1136)
at java.base/java.util.concurrent.ThreadPoolExecutor$Worker.run(ThreadPoolExecutor.java:635)
at java.base/java.lang.Thread.run(Thread.java:833)
Caused by: java.lang.RuntimeException: Failed to install browsers, exit code: 1
at com.microsoft.playwright.impl.driver.jar.DriverJar.installBrowsers(DriverJar.java:83)
at com.microsoft.playwright.impl.driver.jar.DriverJar.initialize(DriverJar.java:51)
at com.microsoft.playwright.impl.driver.Driver.ensureDriverInstalled(Driver.java:56)
... 25 more
... Removed 16 stack frames]]>
    </failure>
  </testcase> <!-- loginAsBankManager -->
  <testcase classname="com.Module_11.testcases.TC_002_AddCustomer" name="addCustomerTest" time="5.689">
    <failure type="java.lang.RuntimeException" message="Failed to create driver">
      <![CDATA[java.lang.RuntimeException: Failed to create driver
at com.microsoft.playwright.impl.driver.Driver.ensureDriverInstalled(Driver.java:60)
at com.microsoft.playwright.impl.PlaywrightImpl.create(PlaywrightImpl.java:41)
at com.microsoft.playwright.Playwright.create(Playwright.java:96)
at com.microsoft.playwright.Playwright.create(Playwright.java:100)
at com.Module_11.base.BaseTest.getBrowser(BaseTest.java:138)
at com.Module_11.testcases.TC_002_AddCustomer.addCustomerTest(TC_002_AddCustomer.java:17)
at java.base/java.util.concurrent.FutureTask.run(FutureTask.java:264)
at java.base/java.util.concurrent.ThreadPoolExecutor.runWorker(ThreadPoolExecutor.java:1136)
at java.base/java.util.concurrent.ThreadPoolExecutor$Worker.run(ThreadPoolExecutor.java:635)
at java.base/java.lang.Thread.run(Thread.java:833)
Caused by: java.lang.RuntimeException: Failed to install browsers, exit code: 1
at com.microsoft.playwright.impl.driver.jar.DriverJar.installBrowsers(DriverJar.java:83)
at com.microsoft.playwright.impl.driver.jar.DriverJar.initialize(DriverJar.java:51)
at com.microsoft.playwright.impl.driver.Driver.ensureDriverInstalled(Driver.java:56)
... 25 more
... Removed 16 stack frames]]>
    </failure>
  </testcase> <!-- addCustomerTest -->
  <testcase classname="com.Module_11.testcases.TC_002_AddCustomer" name="addCustomerTest" time="0.116">
    <skipped/>
  </testcase> <!-- addCustomerTest -->
  <testcase classname="com.Module_11.base.BaseTest" name="@BeforeSuite setUp" time="0.0">
    <ignored/>
  </testcase> <!-- @BeforeSuite setUp -->
  <testcase classname="com.Module_11.base.BaseTest" name="@BeforeSuite setUp" time="0.0">
    <ignored/>
  </testcase> <!-- @BeforeSuite setUp -->
  <testcase classname="com.Module_11.base.BaseTest" name="@BeforeSuite setUp" time="0.0">
    <ignored/>
  </testcase> <!-- @BeforeSuite setUp -->
  <testcase classname="com.Module_11.base.BaseTest" name="@AfterSuite quitPlaywright" time="0.0">
    <ignored/>
  </testcase> <!-- @AfterSuite quitPlaywright -->
  <testcase classname="com.Module_11.base.BaseTest" name="@AfterSuite quitPlaywright" time="0.0">
    <ignored/>
  </testcase> <!-- @AfterSuite quitPlaywright -->
  <testcase classname="com.Module_11.base.BaseTest" name="@AfterSuite quitPlaywright" time="0.0">
    <ignored/>
  </testcase> <!-- @AfterSuite quitPlaywright -->
</testsuite> <!-- Test -->
