<html>
<head>
<title>TestNG:  Test</title>
<link href="../testng.css" rel="stylesheet" type="text/css" />
<link href="../my-testng.css" rel="stylesheet" type="text/css" />

<style type="text/css">
.log { display: none;} 
.stack-trace { display: none;} 
</style>
<script type="text/javascript">
<!--
function flip(e) {
  current = e.style.display;
  if (current == 'block') {
    e.style.display = 'none';
    return 0;
  }
  else {
    e.style.display = 'block';
    return 1;
  }
}

function toggleBox(szDivId, elem, msg1, msg2)
{
  var res = -1;  if (document.getElementById) {
    res = flip(document.getElementById(szDivId));
  }
  else if (document.all) {
    // this is the way old msie versions work
    res = flip(document.all[szDivId]);
  }
  if(elem) {
    if(res == 0) elem.innerHTML = msg1; else elem.innerHTML = msg2;
  }

}

function toggleAllBoxes() {
  if (document.getElementsByTagName) {
    d = document.getElementsByTagName('div');
    for (i = 0; i < d.length; i++) {
      if (d[i].className == 'log') {
        flip(d[i]);
      }
    }
  }
}

// -->
</script>

</head>
<body>
<h2 align='center'>Test</h2><table border='1' align="center">
<tr>
<td>Tests passed/Failed/Skipped:</td><td>0/3/1</td>
</tr><tr>
<td>Started on:</td><td>Thu Jun 29 10:15:40 IST 2023</td>
</tr>
<tr><td>Total time:</td><td>16 seconds (16619 ms)</td>
</tr><tr>
<td>Included groups:</td><td></td>
</tr><tr>
<td>Excluded groups:</td><td></td>
</tr>
</table><p/>
<small><i>(Hover the method name to see the test class name)</i></small><p/>
<table width='100%' border='1' class='invocation-failed'>
<tr><td colspan='4' align='center'><b>FAILED TESTS</b></td></tr>
<tr><td><b>Test method</b></td>
<td width="30%"><b>Exception</b></td>
<td width="10%"><b>Time (seconds)</b></td>
<td><b>Instance</b></td>
</tr>
<tr>
<td title='com.Module_11.testcases.TC_002_AddCustomer.addCustomerTest()'><b>addCustomerTest</b><br>Test class: com.Module_11.testcases.TC_002_AddCustomer<br>Parameters: {browser=chrome, postcode=A234324, Runmode=Y, lastname=mangi, firstname=deep}</td>
<td><div><pre>java.lang.RuntimeException: Failed to create driver
	at com.microsoft.playwright.impl.driver.Driver.ensureDriverInstalled(Driver.java:60)
	at com.microsoft.playwright.impl.PlaywrightImpl.create(PlaywrightImpl.java:41)
	at com.microsoft.playwright.Playwright.create(Playwright.java:96)
	at com.microsoft.playwright.Playwright.create(Playwright.java:100)
	at com.Module_11.base.BaseTest.getBrowser(BaseTest.java:138)
	at com.Module_11.testcases.TC_002_AddCustomer.addCustomerTest(TC_002_AddCustomer.java:17)
	at java.base/java.util.concurrent.FutureTask.run(FutureTask.java:264)
	at java.base/java.util.concurrent.ThreadPoolExecutor.runWorker(ThreadPoolExecutor.java:1136)
	at java.base/java.util.concurrent.ThreadPoolExecutor$Worker.run(ThreadPoolExecutor.java:635)
	at java.base/java.lang.Thread.run(Thread.java:833)
Caused by: java.lang.RuntimeException: Failed to install browsers, exit code: 1
	at com.microsoft.playwright.impl.driver.jar.DriverJar.installBrowsers(DriverJar.java:83)
	at com.microsoft.playwright.impl.driver.jar.DriverJar.initialize(DriverJar.java:51)
	at com.microsoft.playwright.impl.driver.Driver.ensureDriverInstalled(Driver.java:56)
	... 25 more
... Removed 16 stack frames</pre></div><a href='#' onClick='toggleBox("stack-trace1129667476", this, "Click to show all stack frames", "Click to hide stack frames")'>Click to show all stack frames</a>
<div class='stack-trace' id='stack-trace1129667476'><pre>java.lang.RuntimeException: Failed to create driver
	at com.microsoft.playwright.impl.driver.Driver.ensureDriverInstalled(Driver.java:60)
	at com.microsoft.playwright.impl.PlaywrightImpl.create(PlaywrightImpl.java:41)
	at com.microsoft.playwright.Playwright.create(Playwright.java:96)
	at com.microsoft.playwright.Playwright.create(Playwright.java:100)
	at com.Module_11.base.BaseTest.getBrowser(BaseTest.java:138)
	at com.Module_11.testcases.TC_002_AddCustomer.addCustomerTest(TC_002_AddCustomer.java:17)
	at java.base/jdk.internal.reflect.NativeMethodAccessorImpl.invoke0(Native Method)
	at java.base/jdk.internal.reflect.NativeMethodAccessorImpl.invoke(NativeMethodAccessorImpl.java:77)
	at java.base/jdk.internal.reflect.DelegatingMethodAccessorImpl.invoke(DelegatingMethodAccessorImpl.java:43)
	at java.base/java.lang.reflect.Method.invoke(Method.java:568)
	at org.testng.internal.MethodInvocationHelper.invokeMethod(MethodInvocationHelper.java:124)
	at org.testng.internal.Invoker.invokeMethod(Invoker.java:583)
	at org.testng.internal.Invoker.invokeTestMethod(Invoker.java:719)
	at org.testng.internal.Invoker.invokeTestMethods(Invoker.java:989)
	at org.testng.internal.TestMethodWorker.invokeTestMethods(TestMethodWorker.java:125)
	at org.testng.internal.TestMethodWorker.run(TestMethodWorker.java:109)
	at org.testng.TestRunner.privateRun(TestRunner.java:648)
	at org.testng.TestRunner.run(TestRunner.java:505)
	at org.testng.SuiteRunner.runTest(SuiteRunner.java:455)
	at org.testng.SuiteRunner.access$000(SuiteRunner.java:40)
	at org.testng.SuiteRunner$SuiteWorker.run(SuiteRunner.java:489)
	at org.testng.internal.thread.ThreadUtil$1.call(ThreadUtil.java:52)
	at java.base/java.util.concurrent.FutureTask.run(FutureTask.java:264)
	at java.base/java.util.concurrent.ThreadPoolExecutor.runWorker(ThreadPoolExecutor.java:1136)
	at java.base/java.util.concurrent.ThreadPoolExecutor$Worker.run(ThreadPoolExecutor.java:635)
	at java.base/java.lang.Thread.run(Thread.java:833)
Caused by: java.lang.RuntimeException: Failed to install browsers, exit code: 1
	at com.microsoft.playwright.impl.driver.jar.DriverJar.installBrowsers(DriverJar.java:83)
	at com.microsoft.playwright.impl.driver.jar.DriverJar.initialize(DriverJar.java:51)
	at com.microsoft.playwright.impl.driver.Driver.ensureDriverInstalled(Driver.java:56)
	... 25 more
</pre></div></td>
<td>5</td>
<td>com.Module_11.testcases.TC_002_AddCustomer@1356d4d4</td></tr>
<tr>
<td title='com.Module_11.rough.TC_001_Rough.doLogin()'><b>doLogin</b><br>Test class: com.Module_11.rough.TC_001_Rough</td>
<td><div><pre>java.lang.RuntimeException: Failed to create driver
	at com.microsoft.playwright.impl.driver.Driver.ensureDriverInstalled(Driver.java:60)
	at com.microsoft.playwright.impl.PlaywrightImpl.create(PlaywrightImpl.java:41)
	at com.microsoft.playwright.Playwright.create(Playwright.java:96)
	at com.microsoft.playwright.Playwright.create(Playwright.java:100)
	at com.Module_11.base.BaseTest.getBrowser(BaseTest.java:138)
	at com.Module_11.rough.TC_001_Rough.doLogin(TC_001_Rough.java:11)
	at java.base/java.util.concurrent.FutureTask.run(FutureTask.java:264)
	at java.base/java.util.concurrent.ThreadPoolExecutor.runWorker(ThreadPoolExecutor.java:1136)
	at java.base/java.util.concurrent.ThreadPoolExecutor$Worker.run(ThreadPoolExecutor.java:635)
	at java.base/java.lang.Thread.run(Thread.java:833)
Caused by: java.lang.RuntimeException: Failed to install browsers, exit code: 1
	at com.microsoft.playwright.impl.driver.jar.DriverJar.installBrowsers(DriverJar.java:83)
	at com.microsoft.playwright.impl.driver.jar.DriverJar.initialize(DriverJar.java:51)
	at com.microsoft.playwright.impl.driver.Driver.ensureDriverInstalled(Driver.java:56)
	... 25 more
... Removed 16 stack frames</pre></div><a href='#' onClick='toggleBox("stack-trace1961935388", this, "Click to show all stack frames", "Click to hide stack frames")'>Click to show all stack frames</a>
<div class='stack-trace' id='stack-trace1961935388'><pre>java.lang.RuntimeException: Failed to create driver
	at com.microsoft.playwright.impl.driver.Driver.ensureDriverInstalled(Driver.java:60)
	at com.microsoft.playwright.impl.PlaywrightImpl.create(PlaywrightImpl.java:41)
	at com.microsoft.playwright.Playwright.create(Playwright.java:96)
	at com.microsoft.playwright.Playwright.create(Playwright.java:100)
	at com.Module_11.base.BaseTest.getBrowser(BaseTest.java:138)
	at com.Module_11.rough.TC_001_Rough.doLogin(TC_001_Rough.java:11)
	at java.base/jdk.internal.reflect.NativeMethodAccessorImpl.invoke0(Native Method)
	at java.base/jdk.internal.reflect.NativeMethodAccessorImpl.invoke(NativeMethodAccessorImpl.java:77)
	at java.base/jdk.internal.reflect.DelegatingMethodAccessorImpl.invoke(DelegatingMethodAccessorImpl.java:43)
	at java.base/java.lang.reflect.Method.invoke(Method.java:568)
	at org.testng.internal.MethodInvocationHelper.invokeMethod(MethodInvocationHelper.java:124)
	at org.testng.internal.Invoker.invokeMethod(Invoker.java:583)
	at org.testng.internal.Invoker.invokeTestMethod(Invoker.java:719)
	at org.testng.internal.Invoker.invokeTestMethods(Invoker.java:989)
	at org.testng.internal.TestMethodWorker.invokeTestMethods(TestMethodWorker.java:125)
	at org.testng.internal.TestMethodWorker.run(TestMethodWorker.java:109)
	at org.testng.TestRunner.privateRun(TestRunner.java:648)
	at org.testng.TestRunner.run(TestRunner.java:505)
	at org.testng.SuiteRunner.runTest(SuiteRunner.java:455)
	at org.testng.SuiteRunner.access$000(SuiteRunner.java:40)
	at org.testng.SuiteRunner$SuiteWorker.run(SuiteRunner.java:489)
	at org.testng.internal.thread.ThreadUtil$1.call(ThreadUtil.java:52)
	at java.base/java.util.concurrent.FutureTask.run(FutureTask.java:264)
	at java.base/java.util.concurrent.ThreadPoolExecutor.runWorker(ThreadPoolExecutor.java:1136)
	at java.base/java.util.concurrent.ThreadPoolExecutor$Worker.run(ThreadPoolExecutor.java:635)
	at java.base/java.lang.Thread.run(Thread.java:833)
Caused by: java.lang.RuntimeException: Failed to install browsers, exit code: 1
	at com.microsoft.playwright.impl.driver.jar.DriverJar.installBrowsers(DriverJar.java:83)
	at com.microsoft.playwright.impl.driver.jar.DriverJar.initialize(DriverJar.java:51)
	at com.microsoft.playwright.impl.driver.Driver.ensureDriverInstalled(Driver.java:56)
	... 25 more
</pre></div></td>
<td>5</td>
<td>com.Module_11.rough.TC_001_Rough@609db43b</td></tr>
<tr>
<td title='com.Module_11.testcases.TC_001_ManagerLogin.loginAsBankManager()'><b>loginAsBankManager</b><br>Test class: com.Module_11.testcases.TC_001_ManagerLogin</td>
<td><div><pre>java.lang.RuntimeException: Failed to create driver
	at com.microsoft.playwright.impl.driver.Driver.ensureDriverInstalled(Driver.java:60)
	at com.microsoft.playwright.impl.PlaywrightImpl.create(PlaywrightImpl.java:41)
	at com.microsoft.playwright.Playwright.create(Playwright.java:96)
	at com.microsoft.playwright.Playwright.create(Playwright.java:100)
	at com.Module_11.base.BaseTest.getBrowser(BaseTest.java:138)
	at com.Module_11.testcases.TC_001_ManagerLogin.loginAsBankManager(TC_001_ManagerLogin.java:13)
	at java.base/java.util.concurrent.FutureTask.run(FutureTask.java:264)
	at java.base/java.util.concurrent.ThreadPoolExecutor.runWorker(ThreadPoolExecutor.java:1136)
	at java.base/java.util.concurrent.ThreadPoolExecutor$Worker.run(ThreadPoolExecutor.java:635)
	at java.base/java.lang.Thread.run(Thread.java:833)
Caused by: java.lang.RuntimeException: Failed to install browsers, exit code: 1
	at com.microsoft.playwright.impl.driver.jar.DriverJar.installBrowsers(DriverJar.java:83)
	at com.microsoft.playwright.impl.driver.jar.DriverJar.initialize(DriverJar.java:51)
	at com.microsoft.playwright.impl.driver.Driver.ensureDriverInstalled(Driver.java:56)
	... 25 more
... Removed 16 stack frames</pre></div><a href='#' onClick='toggleBox("stack-trace270640659", this, "Click to show all stack frames", "Click to hide stack frames")'>Click to show all stack frames</a>
<div class='stack-trace' id='stack-trace270640659'><pre>java.lang.RuntimeException: Failed to create driver
	at com.microsoft.playwright.impl.driver.Driver.ensureDriverInstalled(Driver.java:60)
	at com.microsoft.playwright.impl.PlaywrightImpl.create(PlaywrightImpl.java:41)
	at com.microsoft.playwright.Playwright.create(Playwright.java:96)
	at com.microsoft.playwright.Playwright.create(Playwright.java:100)
	at com.Module_11.base.BaseTest.getBrowser(BaseTest.java:138)
	at com.Module_11.testcases.TC_001_ManagerLogin.loginAsBankManager(TC_001_ManagerLogin.java:13)
	at java.base/jdk.internal.reflect.NativeMethodAccessorImpl.invoke0(Native Method)
	at java.base/jdk.internal.reflect.NativeMethodAccessorImpl.invoke(NativeMethodAccessorImpl.java:77)
	at java.base/jdk.internal.reflect.DelegatingMethodAccessorImpl.invoke(DelegatingMethodAccessorImpl.java:43)
	at java.base/java.lang.reflect.Method.invoke(Method.java:568)
	at org.testng.internal.MethodInvocationHelper.invokeMethod(MethodInvocationHelper.java:124)
	at org.testng.internal.Invoker.invokeMethod(Invoker.java:583)
	at org.testng.internal.Invoker.invokeTestMethod(Invoker.java:719)
	at org.testng.internal.Invoker.invokeTestMethods(Invoker.java:989)
	at org.testng.internal.TestMethodWorker.invokeTestMethods(TestMethodWorker.java:125)
	at org.testng.internal.TestMethodWorker.run(TestMethodWorker.java:109)
	at org.testng.TestRunner.privateRun(TestRunner.java:648)
	at org.testng.TestRunner.run(TestRunner.java:505)
	at org.testng.SuiteRunner.runTest(SuiteRunner.java:455)
	at org.testng.SuiteRunner.access$000(SuiteRunner.java:40)
	at org.testng.SuiteRunner$SuiteWorker.run(SuiteRunner.java:489)
	at org.testng.internal.thread.ThreadUtil$1.call(ThreadUtil.java:52)
	at java.base/java.util.concurrent.FutureTask.run(FutureTask.java:264)
	at java.base/java.util.concurrent.ThreadPoolExecutor.runWorker(ThreadPoolExecutor.java:1136)
	at java.base/java.util.concurrent.ThreadPoolExecutor$Worker.run(ThreadPoolExecutor.java:635)
	at java.base/java.lang.Thread.run(Thread.java:833)
Caused by: java.lang.RuntimeException: Failed to install browsers, exit code: 1
	at com.microsoft.playwright.impl.driver.jar.DriverJar.installBrowsers(DriverJar.java:83)
	at com.microsoft.playwright.impl.driver.jar.DriverJar.initialize(DriverJar.java:51)
	at com.microsoft.playwright.impl.driver.Driver.ensureDriverInstalled(Driver.java:56)
	... 25 more
</pre></div></td>
<td>4</td>
<td>com.Module_11.testcases.TC_001_ManagerLogin@55f616cf</td></tr>
</table><p>
<table width='100%' border='1' class='invocation-skipped'>
<tr><td colspan='4' align='center'><b>SKIPPED TESTS</b></td></tr>
<tr><td><b>Test method</b></td>
<td width="30%"><b>Exception</b></td>
<td width="10%"><b>Time (seconds)</b></td>
<td><b>Instance</b></td>
</tr>
<tr>
<td title='com.Module_11.testcases.TC_002_AddCustomer.addCustomerTest()'><b>addCustomerTest</b><br>Test class: com.Module_11.testcases.TC_002_AddCustomer<br>Parameters: {browser=chrome, postcode=D53434, Runmode=N, lastname=vaghela, firstname=vaibhav}</td>
<td><div><pre>org.testng.SkipException: Skipping the test : AddCustomerTest as the Run mode to Data set is NO
	at com.Module_11.utilities.DataUtil.checkExecution(DataUtil.java:32)
	at com.Module_11.testcases.TC_002_AddCustomer.addCustomerTest(TC_002_AddCustomer.java:16)
	at java.base/java.util.concurrent.FutureTask.run(FutureTask.java:264)
	at java.base/java.util.concurrent.ThreadPoolExecutor.runWorker(ThreadPoolExecutor.java:1136)
	at java.base/java.util.concurrent.ThreadPoolExecutor$Worker.run(ThreadPoolExecutor.java:635)
	at java.base/java.lang.Thread.run(Thread.java:833)
... Removed 16 stack frames</pre></div><a href='#' onClick='toggleBox("stack-trace1044587635", this, "Click to show all stack frames", "Click to hide stack frames")'>Click to show all stack frames</a>
<div class='stack-trace' id='stack-trace1044587635'><pre>org.testng.SkipException: Skipping the test : AddCustomerTest as the Run mode to Data set is NO
	at com.Module_11.utilities.DataUtil.checkExecution(DataUtil.java:32)
	at com.Module_11.testcases.TC_002_AddCustomer.addCustomerTest(TC_002_AddCustomer.java:16)
	at java.base/jdk.internal.reflect.NativeMethodAccessorImpl.invoke0(Native Method)
	at java.base/jdk.internal.reflect.NativeMethodAccessorImpl.invoke(NativeMethodAccessorImpl.java:77)
	at java.base/jdk.internal.reflect.DelegatingMethodAccessorImpl.invoke(DelegatingMethodAccessorImpl.java:43)
	at java.base/java.lang.reflect.Method.invoke(Method.java:568)
	at org.testng.internal.MethodInvocationHelper.invokeMethod(MethodInvocationHelper.java:124)
	at org.testng.internal.Invoker.invokeMethod(Invoker.java:583)
	at org.testng.internal.Invoker.invokeTestMethod(Invoker.java:719)
	at org.testng.internal.Invoker.invokeTestMethods(Invoker.java:989)
	at org.testng.internal.TestMethodWorker.invokeTestMethods(TestMethodWorker.java:125)
	at org.testng.internal.TestMethodWorker.run(TestMethodWorker.java:109)
	at org.testng.TestRunner.privateRun(TestRunner.java:648)
	at org.testng.TestRunner.run(TestRunner.java:505)
	at org.testng.SuiteRunner.runTest(SuiteRunner.java:455)
	at org.testng.SuiteRunner.access$000(SuiteRunner.java:40)
	at org.testng.SuiteRunner$SuiteWorker.run(SuiteRunner.java:489)
	at org.testng.internal.thread.ThreadUtil$1.call(ThreadUtil.java:52)
	at java.base/java.util.concurrent.FutureTask.run(FutureTask.java:264)
	at java.base/java.util.concurrent.ThreadPoolExecutor.runWorker(ThreadPoolExecutor.java:1136)
	at java.base/java.util.concurrent.ThreadPoolExecutor$Worker.run(ThreadPoolExecutor.java:635)
	at java.base/java.lang.Thread.run(Thread.java:833)
</pre></div></td>
<td>0</td>
<td>com.Module_11.testcases.TC_002_AddCustomer@1356d4d4</td></tr>
</table><p>
</body>
</html>