<!DOCTYPE html PUBLIC "-//W3C//DTD XHTML 1.1//EN" "http://www.w3.org/TR/xhtml11/DTD/xhtml11.dtd">
<html xmlns="http://www.w3.org/1999/xhtml">
<head>
<meta http-equiv="content-type" content="text/html; charset=UTF-8"/>
<title>TestNG Report</title>
<style type="text/css">table {margin-bottom:10px;border-collapse:collapse;empty-cells:show}th,td {border:1px solid #009;padding:.25em .5em}th {vertical-align:bottom}td {vertical-align:top}table a {font-weight:bold}.stripe td {background-color: #E6EBF9}.num {text-align:right}.passedodd td {background-color: #3F3}.passedeven td {background-color: #0A0}.skippedodd td {background-color: #DDD}.skippedeven td {background-color: #CCC}.failedodd td,.attn {background-color: #F33}.failedeven td,.stripe .attn {background-color: #D00}.stacktrace {white-space:pre;font-family:monospace}.totop {font-size:85%;text-align:center;border-bottom:2px solid #000}.invisible {display:none}</style>
</head>
<body>
<table>
<tr><th>Test</th><th># Passed</th><th># Skipped</th><th># Failed</th><th>Time (ms)</th><th>Included Groups</th><th>Excluded Groups</th></tr>
<tr><th colspan="7">Suite</th></tr>
<tr><td><a href="#t0">Test</a></td><td class="num">0</td><td class="num attn">1</td><td class="num attn">3</td><td class="num">16,619</td><td></td><td></td></tr>
</table>
<table id='summary'><thead><tr><th>Class</th><th>Method</th><th>Start</th><th>Time (ms)</th></tr></thead><tbody><tr><th colspan="4">Suite</th></tr></tbody><tbody id="t0"><tr><th colspan="4">Test &#8212; failed</th></tr><tr class="failedeven"><td rowspan="1">com.Module_11.rough.TC_001_Rough</td><td><a href="#m0">doLogin</a></td><td rowspan="1">1688013940900</td><td rowspan="1">5117</td></tr><tr class="failedodd"><td rowspan="1">com.Module_11.testcases.TC_001_ManagerLogin</td><td><a href="#m1">loginAsBankManager</a></td><td rowspan="1">1688013946023</td><td rowspan="1">4859</td></tr><tr class="failedeven"><td rowspan="1">com.Module_11.testcases.TC_002_AddCustomer</td><td><a href="#m2">addCustomerTest</a></td><td rowspan="1">1688013951682</td><td rowspan="1">5689</td></tr><tr><th colspan="4">Test &#8212; skipped</th></tr><tr class="skippedeven"><td rowspan="1">com.Module_11.testcases.TC_002_AddCustomer</td><td><a href="#m3">addCustomerTest</a></td><td rowspan="1">1688013957376</td><td rowspan="1">116</td></tr></tbody>
</table>
<h2>Test</h2><h3 id="m0">com.Module_11.rough.TC_001_Rough#doLogin</h3><table class="result"><tr><th>Exception</th></tr><tr><td><div class="stacktrace">java.lang.RuntimeException: Failed to create driver
	at com.microsoft.playwright.impl.driver.Driver.ensureDriverInstalled(Driver.java:60)
	at com.microsoft.playwright.impl.PlaywrightImpl.create(PlaywrightImpl.java:41)
	at com.microsoft.playwright.Playwright.create(Playwright.java:96)
	at com.microsoft.playwright.Playwright.create(Playwright.java:100)
	at com.Module_11.base.BaseTest.getBrowser(BaseTest.java:138)
	at com.Module_11.rough.TC_001_Rough.doLogin(TC_001_Rough.java:11)
	at java.base/java.util.concurrent.FutureTask.run(FutureTask.java:264)
	at java.base/java.util.concurrent.ThreadPoolExecutor.runWorker(ThreadPoolExecutor.java:1136)
	at java.base/java.util.concurrent.ThreadPoolExecutor$Worker.run(ThreadPoolExecutor.java:635)
	at java.base/java.lang.Thread.run(Thread.java:833)
Caused by: java.lang.RuntimeException: Failed to install browsers, exit code: 1
	at com.microsoft.playwright.impl.driver.jar.DriverJar.installBrowsers(DriverJar.java:83)
	at com.microsoft.playwright.impl.driver.jar.DriverJar.initialize(DriverJar.java:51)
	at com.microsoft.playwright.impl.driver.Driver.ensureDriverInstalled(Driver.java:56)
	... 25 more
... Removed 16 stack frames</div></td></tr></table><p class="totop"><a href="#summary">back to summary</a></p>
<h3 id="m1">com.Module_11.testcases.TC_001_ManagerLogin#loginAsBankManager</h3><table class="result"><tr><th>Exception</th></tr><tr><td><div class="stacktrace">java.lang.RuntimeException: Failed to create driver
	at com.microsoft.playwright.impl.driver.Driver.ensureDriverInstalled(Driver.java:60)
	at com.microsoft.playwright.impl.PlaywrightImpl.create(PlaywrightImpl.java:41)
	at com.microsoft.playwright.Playwright.create(Playwright.java:96)
	at com.microsoft.playwright.Playwright.create(Playwright.java:100)
	at com.Module_11.base.BaseTest.getBrowser(BaseTest.java:138)
	at com.Module_11.testcases.TC_001_ManagerLogin.loginAsBankManager(TC_001_ManagerLogin.java:13)
	at java.base/java.util.concurrent.FutureTask.run(FutureTask.java:264)
	at java.base/java.util.concurrent.ThreadPoolExecutor.runWorker(ThreadPoolExecutor.java:1136)
	at java.base/java.util.concurrent.ThreadPoolExecutor$Worker.run(ThreadPoolExecutor.java:635)
	at java.base/java.lang.Thread.run(Thread.java:833)
Caused by: java.lang.RuntimeException: Failed to install browsers, exit code: 1
	at com.microsoft.playwright.impl.driver.jar.DriverJar.installBrowsers(DriverJar.java:83)
	at com.microsoft.playwright.impl.driver.jar.DriverJar.initialize(DriverJar.java:51)
	at com.microsoft.playwright.impl.driver.Driver.ensureDriverInstalled(Driver.java:56)
	... 25 more
... Removed 16 stack frames</div></td></tr></table><p class="totop"><a href="#summary">back to summary</a></p>
<h3 id="m2">com.Module_11.testcases.TC_002_AddCustomer#addCustomerTest</h3><table class="result"><tr class="param"><th>Parameter #1</th></tr><tr class="param stripe"><td>{browser=chrome, postcode=A234324, Runmode=Y, lastname=mangi, firstname=deep}</td></tr><tr><th>Exception</th></tr><tr><td><div class="stacktrace">java.lang.RuntimeException: Failed to create driver
	at com.microsoft.playwright.impl.driver.Driver.ensureDriverInstalled(Driver.java:60)
	at com.microsoft.playwright.impl.PlaywrightImpl.create(PlaywrightImpl.java:41)
	at com.microsoft.playwright.Playwright.create(Playwright.java:96)
	at com.microsoft.playwright.Playwright.create(Playwright.java:100)
	at com.Module_11.base.BaseTest.getBrowser(BaseTest.java:138)
	at com.Module_11.testcases.TC_002_AddCustomer.addCustomerTest(TC_002_AddCustomer.java:17)
	at java.base/java.util.concurrent.FutureTask.run(FutureTask.java:264)
	at java.base/java.util.concurrent.ThreadPoolExecutor.runWorker(ThreadPoolExecutor.java:1136)
	at java.base/java.util.concurrent.ThreadPoolExecutor$Worker.run(ThreadPoolExecutor.java:635)
	at java.base/java.lang.Thread.run(Thread.java:833)
Caused by: java.lang.RuntimeException: Failed to install browsers, exit code: 1
	at com.microsoft.playwright.impl.driver.jar.DriverJar.installBrowsers(DriverJar.java:83)
	at com.microsoft.playwright.impl.driver.jar.DriverJar.initialize(DriverJar.java:51)
	at com.microsoft.playwright.impl.driver.Driver.ensureDriverInstalled(Driver.java:56)
	... 25 more
... Removed 16 stack frames</div></td></tr></table><p class="totop"><a href="#summary">back to summary</a></p>
<h3 id="m3">com.Module_11.testcases.TC_002_AddCustomer#addCustomerTest</h3><table class="result"><tr class="param"><th>Parameter #1</th></tr><tr class="param stripe"><td>{browser=chrome, postcode=D53434, Runmode=N, lastname=vaghela, firstname=vaibhav}</td></tr><tr><th>Exception</th></tr><tr><td><div class="stacktrace">org.testng.SkipException: Skipping the test : AddCustomerTest as the Run mode to Data set is NO
	at com.Module_11.utilities.DataUtil.checkExecution(DataUtil.java:32)
	at com.Module_11.testcases.TC_002_AddCustomer.addCustomerTest(TC_002_AddCustomer.java:16)
	at java.base/java.util.concurrent.FutureTask.run(FutureTask.java:264)
	at java.base/java.util.concurrent.ThreadPoolExecutor.runWorker(ThreadPoolExecutor.java:1136)
	at java.base/java.util.concurrent.ThreadPoolExecutor$Worker.run(ThreadPoolExecutor.java:635)
	at java.base/java.lang.Thread.run(Thread.java:833)
... Removed 16 stack frames</div></td></tr></table><p class="totop"><a href="#summary">back to summary</a></p>
</body>
</html>
