<?xml version="1.0" encoding="UTF-8"?>
<testng-results ignored="6" total="10" passed="0" failed="3" skipped="1">
  <reporter-output>
  </reporter-output>
  <suite started-at="2023-06-29T04:45:40Z" name="Suite" finished-at="2023-06-29T04:45:57Z" duration-ms="16619">
    <groups>
    </groups>
    <test started-at="2023-06-29T04:45:40Z" name="Test" finished-at="2023-06-29T04:45:57Z" duration-ms="16619">
      <class name="com.Module_11.testcases.TC_002_AddCustomer">
        <test-method signature="addCustomerTest(java.util.Hashtable)[pri:0, instance:com.Module_11.testcases.TC_002_AddCustomer@1356d4d4]" started-at="2023-06-29T04:45:51Z" name="addCustomerTest" data-provider="bankManagerDP" finished-at="2023-06-29T04:45:57Z" duration-ms="5689" status="FAIL">
          <params>
            <param index="0">
              <value>
                <![CDATA[{browser=chrome, postcode=A234324, Runmode=Y, lastname=mangi, firstname=deep}]]>
              </value>
            </param>
          </params>
          <exception class="java.lang.RuntimeException">
            <message>
              <![CDATA[Failed to create driver]]>
            </message>
            <full-stacktrace>
              <![CDATA[java.lang.RuntimeException: Failed to create driver
at com.microsoft.playwright.impl.driver.Driver.ensureDriverInstalled(Driver.java:60)
at com.microsoft.playwright.impl.PlaywrightImpl.create(PlaywrightImpl.java:41)
at com.microsoft.playwright.Playwright.create(Playwright.java:96)
at com.microsoft.playwright.Playwright.create(Playwright.java:100)
at com.Module_11.base.BaseTest.getBrowser(BaseTest.java:138)
at com.Module_11.testcases.TC_002_AddCustomer.addCustomerTest(TC_002_AddCustomer.java:17)
at java.base/jdk.internal.reflect.NativeMethodAccessorImpl.invoke0(Native Method)
at java.base/jdk.internal.reflect.NativeMethodAccessorImpl.invoke(NativeMethodAccessorImpl.java:77)
at java.base/jdk.internal.reflect.DelegatingMethodAccessorImpl.invoke(DelegatingMethodAccessorImpl.java:43)
at java.base/java.lang.reflect.Method.invoke(Method.java:568)
at org.testng.internal.MethodInvocationHelper.invokeMethod(MethodInvocationHelper.java:124)
at org.testng.internal.Invoker.invokeMethod(Invoker.java:583)
at org.testng.internal.Invoker.invokeTestMethod(Invoker.java:719)
at org.testng.internal.Invoker.invokeTestMethods(Invoker.java:989)
at org.testng.internal.TestMethodWorker.invokeTestMethods(TestMethodWorker.java:125)
at org.testng.internal.TestMethodWorker.run(TestMethodWorker.java:109)
at org.testng.TestRunner.privateRun(TestRunner.java:648)
at org.testng.TestRunner.run(TestRunner.java:505)
at org.testng.SuiteRunner.runTest(SuiteRunner.java:455)
at org.testng.SuiteRunner.access$000(SuiteRunner.java:40)
at org.testng.SuiteRunner$SuiteWorker.run(SuiteRunner.java:489)
at org.testng.internal.thread.ThreadUtil$1.call(ThreadUtil.java:52)
at java.base/java.util.concurrent.FutureTask.run(FutureTask.java:264)
at java.base/java.util.concurrent.ThreadPoolExecutor.runWorker(ThreadPoolExecutor.java:1136)
at java.base/java.util.concurrent.ThreadPoolExecutor$Worker.run(ThreadPoolExecutor.java:635)
at java.base/java.lang.Thread.run(Thread.java:833)
Caused by: java.lang.RuntimeException: Failed to install browsers, exit code: 1
at com.microsoft.playwright.impl.driver.jar.DriverJar.installBrowsers(DriverJar.java:83)
at com.microsoft.playwright.impl.driver.jar.DriverJar.initialize(DriverJar.java:51)
at com.microsoft.playwright.impl.driver.Driver.ensureDriverInstalled(Driver.java:56)
... 25 more
]]>
            </full-stacktrace>
          </exception> <!-- java.lang.RuntimeException -->
          <reporter-output>
          </reporter-output>
        </test-method> <!-- addCustomerTest -->
        <test-method is-config="true" signature="quit()[pri:0, instance:com.Module_11.testcases.TC_002_AddCustomer@1356d4d4]" started-at="2023-06-29T04:45:57Z" name="quit" finished-at="2023-06-29T04:45:57Z" duration-ms="1" status="PASS">
          <reporter-output>
          </reporter-output>
        </test-method> <!-- quit -->
        <test-method signature="addCustomerTest(java.util.Hashtable)[pri:0, instance:com.Module_11.testcases.TC_002_AddCustomer@1356d4d4]" started-at="2023-06-29T04:45:57Z" name="addCustomerTest" data-provider="bankManagerDP" finished-at="2023-06-29T04:45:57Z" duration-ms="116" status="SKIP">
          <params>
            <param index="0">
              <value>
                <![CDATA[{browser=chrome, postcode=D53434, Runmode=N, lastname=vaghela, firstname=vaibhav}]]>
              </value>
            </param>
          </params>
          <exception class="org.testng.SkipException">
            <message>
              <![CDATA[Skipping the test : AddCustomerTest as the Run mode to Data set is NO]]>
            </message>
            <full-stacktrace>
              <![CDATA[org.testng.SkipException: Skipping the test : AddCustomerTest as the Run mode to Data set is NO
at com.Module_11.utilities.DataUtil.checkExecution(DataUtil.java:32)
at com.Module_11.testcases.TC_002_AddCustomer.addCustomerTest(TC_002_AddCustomer.java:16)
at java.base/jdk.internal.reflect.NativeMethodAccessorImpl.invoke0(Native Method)
at java.base/jdk.internal.reflect.NativeMethodAccessorImpl.invoke(NativeMethodAccessorImpl.java:77)
at java.base/jdk.internal.reflect.DelegatingMethodAccessorImpl.invoke(DelegatingMethodAccessorImpl.java:43)
at java.base/java.lang.reflect.Method.invoke(Method.java:568)
at org.testng.internal.MethodInvocationHelper.invokeMethod(MethodInvocationHelper.java:124)
at org.testng.internal.Invoker.invokeMethod(Invoker.java:583)
at org.testng.internal.Invoker.invokeTestMethod(Invoker.java:719)
at org.testng.internal.Invoker.invokeTestMethods(Invoker.java:989)
at org.testng.internal.TestMethodWorker.invokeTestMethods(TestMethodWorker.java:125)
at org.testng.internal.TestMethodWorker.run(TestMethodWorker.java:109)
at org.testng.TestRunner.privateRun(TestRunner.java:648)
at org.testng.TestRunner.run(TestRunner.java:505)
at org.testng.SuiteRunner.runTest(SuiteRunner.java:455)
at org.testng.SuiteRunner.access$000(SuiteRunner.java:40)
at org.testng.SuiteRunner$SuiteWorker.run(SuiteRunner.java:489)
at org.testng.internal.thread.ThreadUtil$1.call(ThreadUtil.java:52)
at java.base/java.util.concurrent.FutureTask.run(FutureTask.java:264)
at java.base/java.util.concurrent.ThreadPoolExecutor.runWorker(ThreadPoolExecutor.java:1136)
at java.base/java.util.concurrent.ThreadPoolExecutor$Worker.run(ThreadPoolExecutor.java:635)
at java.base/java.lang.Thread.run(Thread.java:833)
]]>
            </full-stacktrace>
          </exception> <!-- org.testng.SkipException -->
          <reporter-output>
          </reporter-output>
        </test-method> <!-- addCustomerTest -->
        <test-method is-config="true" signature="quit()[pri:0, instance:com.Module_11.testcases.TC_002_AddCustomer@1356d4d4]" started-at="2023-06-29T04:45:57Z" name="quit" finished-at="2023-06-29T04:45:57Z" duration-ms="8" status="PASS">
          <reporter-output>
          </reporter-output>
        </test-method> <!-- quit -->
      </class> <!-- com.Module_11.testcases.TC_002_AddCustomer -->
      <class name="com.Module_11.rough.TC_001_Rough">
        <test-method is-config="true" signature="setUp()[pri:0, instance:com.Module_11.rough.TC_001_Rough@609db43b]" started-at="2023-06-29T04:45:40Z" name="setUp" finished-at="2023-06-29T04:45:40Z" duration-ms="103" status="PASS">
          <reporter-output>
          </reporter-output>
        </test-method> <!-- setUp -->
        <test-method signature="doLogin()[pri:0, instance:com.Module_11.rough.TC_001_Rough@609db43b]" started-at="2023-06-29T04:45:40Z" name="doLogin" finished-at="2023-06-29T04:45:46Z" duration-ms="5117" status="FAIL">
          <exception class="java.lang.RuntimeException">
            <message>
              <![CDATA[Failed to create driver]]>
            </message>
            <full-stacktrace>
              <![CDATA[java.lang.RuntimeException: Failed to create driver
at com.microsoft.playwright.impl.driver.Driver.ensureDriverInstalled(Driver.java:60)
at com.microsoft.playwright.impl.PlaywrightImpl.create(PlaywrightImpl.java:41)
at com.microsoft.playwright.Playwright.create(Playwright.java:96)
at com.microsoft.playwright.Playwright.create(Playwright.java:100)
at com.Module_11.base.BaseTest.getBrowser(BaseTest.java:138)
at com.Module_11.rough.TC_001_Rough.doLogin(TC_001_Rough.java:11)
at java.base/jdk.internal.reflect.NativeMethodAccessorImpl.invoke0(Native Method)
at java.base/jdk.internal.reflect.NativeMethodAccessorImpl.invoke(NativeMethodAccessorImpl.java:77)
at java.base/jdk.internal.reflect.DelegatingMethodAccessorImpl.invoke(DelegatingMethodAccessorImpl.java:43)
at java.base/java.lang.reflect.Method.invoke(Method.java:568)
at org.testng.internal.MethodInvocationHelper.invokeMethod(MethodInvocationHelper.java:124)
at org.testng.internal.Invoker.invokeMethod(Invoker.java:583)
at org.testng.internal.Invoker.invokeTestMethod(Invoker.java:719)
at org.testng.internal.Invoker.invokeTestMethods(Invoker.java:989)
at org.testng.internal.TestMethodWorker.invokeTestMethods(TestMethodWorker.java:125)
at org.testng.internal.TestMethodWorker.run(TestMethodWorker.java:109)
at org.testng.TestRunner.privateRun(TestRunner.java:648)
at org.testng.TestRunner.run(TestRunner.java:505)
at org.testng.SuiteRunner.runTest(SuiteRunner.java:455)
at org.testng.SuiteRunner.access$000(SuiteRunner.java:40)
at org.testng.SuiteRunner$SuiteWorker.run(SuiteRunner.java:489)
at org.testng.internal.thread.ThreadUtil$1.call(ThreadUtil.java:52)
at java.base/java.util.concurrent.FutureTask.run(FutureTask.java:264)
at java.base/java.util.concurrent.ThreadPoolExecutor.runWorker(ThreadPoolExecutor.java:1136)
at java.base/java.util.concurrent.ThreadPoolExecutor$Worker.run(ThreadPoolExecutor.java:635)
at java.base/java.lang.Thread.run(Thread.java:833)
Caused by: java.lang.RuntimeException: Failed to install browsers, exit code: 1
at com.microsoft.playwright.impl.driver.jar.DriverJar.installBrowsers(DriverJar.java:83)
at com.microsoft.playwright.impl.driver.jar.DriverJar.initialize(DriverJar.java:51)
at com.microsoft.playwright.impl.driver.Driver.ensureDriverInstalled(Driver.java:56)
... 25 more
]]>
            </full-stacktrace>
          </exception> <!-- java.lang.RuntimeException -->
          <reporter-output>
          </reporter-output>
        </test-method> <!-- doLogin -->
        <test-method is-config="true" signature="quit()[pri:0, instance:com.Module_11.rough.TC_001_Rough@609db43b]" started-at="2023-06-29T04:45:46Z" name="quit" finished-at="2023-06-29T04:45:46Z" duration-ms="0" status="PASS">
          <reporter-output>
          </reporter-output>
        </test-method> <!-- quit -->
        <test-method is-config="true" signature="quitPlaywright()[pri:0, instance:com.Module_11.rough.TC_001_Rough@609db43b]" started-at="2023-06-29T04:45:57Z" name="quitPlaywright" finished-at="2023-06-29T04:45:57Z" duration-ms="0" status="PASS">
          <reporter-output>
          </reporter-output>
        </test-method> <!-- quitPlaywright -->
      </class> <!-- com.Module_11.rough.TC_001_Rough -->
      <class name="com.Module_11.testcases.TC_001_ManagerLogin">
        <test-method signature="loginAsBankManager()[pri:0, instance:com.Module_11.testcases.TC_001_ManagerLogin@55f616cf]" started-at="2023-06-29T04:45:46Z" name="loginAsBankManager" finished-at="2023-06-29T04:45:50Z" duration-ms="4859" status="FAIL">
          <exception class="java.lang.RuntimeException">
            <message>
              <![CDATA[Failed to create driver]]>
            </message>
            <full-stacktrace>
              <![CDATA[java.lang.RuntimeException: Failed to create driver
at com.microsoft.playwright.impl.driver.Driver.ensureDriverInstalled(Driver.java:60)
at com.microsoft.playwright.impl.PlaywrightImpl.create(PlaywrightImpl.java:41)
at com.microsoft.playwright.Playwright.create(Playwright.java:96)
at com.microsoft.playwright.Playwright.create(Playwright.java:100)
at com.Module_11.base.BaseTest.getBrowser(BaseTest.java:138)
at com.Module_11.testcases.TC_001_ManagerLogin.loginAsBankManager(TC_001_ManagerLogin.java:13)
at java.base/jdk.internal.reflect.NativeMethodAccessorImpl.invoke0(Native Method)
at java.base/jdk.internal.reflect.NativeMethodAccessorImpl.invoke(NativeMethodAccessorImpl.java:77)
at java.base/jdk.internal.reflect.DelegatingMethodAccessorImpl.invoke(DelegatingMethodAccessorImpl.java:43)
at java.base/java.lang.reflect.Method.invoke(Method.java:568)
at org.testng.internal.MethodInvocationHelper.invokeMethod(MethodInvocationHelper.java:124)
at org.testng.internal.Invoker.invokeMethod(Invoker.java:583)
at org.testng.internal.Invoker.invokeTestMethod(Invoker.java:719)
at org.testng.internal.Invoker.invokeTestMethods(Invoker.java:989)
at org.testng.internal.TestMethodWorker.invokeTestMethods(TestMethodWorker.java:125)
at org.testng.internal.TestMethodWorker.run(TestMethodWorker.java:109)
at org.testng.TestRunner.privateRun(TestRunner.java:648)
at org.testng.TestRunner.run(TestRunner.java:505)
at org.testng.SuiteRunner.runTest(SuiteRunner.java:455)
at org.testng.SuiteRunner.access$000(SuiteRunner.java:40)
at org.testng.SuiteRunner$SuiteWorker.run(SuiteRunner.java:489)
at org.testng.internal.thread.ThreadUtil$1.call(ThreadUtil.java:52)
at java.base/java.util.concurrent.FutureTask.run(FutureTask.java:264)
at java.base/java.util.concurrent.ThreadPoolExecutor.runWorker(ThreadPoolExecutor.java:1136)
at java.base/java.util.concurrent.ThreadPoolExecutor$Worker.run(ThreadPoolExecutor.java:635)
at java.base/java.lang.Thread.run(Thread.java:833)
Caused by: java.lang.RuntimeException: Failed to install browsers, exit code: 1
at com.microsoft.playwright.impl.driver.jar.DriverJar.installBrowsers(DriverJar.java:83)
at com.microsoft.playwright.impl.driver.jar.DriverJar.initialize(DriverJar.java:51)
at com.microsoft.playwright.impl.driver.Driver.ensureDriverInstalled(Driver.java:56)
... 25 more
]]>
            </full-stacktrace>
          </exception> <!-- java.lang.RuntimeException -->
          <reporter-output>
          </reporter-output>
        </test-method> <!-- loginAsBankManager -->
        <test-method is-config="true" signature="quit()[pri:0, instance:com.Module_11.testcases.TC_001_ManagerLogin@55f616cf]" started-at="2023-06-29T04:45:50Z" name="quit" finished-at="2023-06-29T04:45:50Z" duration-ms="0" status="PASS">
          <reporter-output>
          </reporter-output>
        </test-method> <!-- quit -->
      </class> <!-- com.Module_11.testcases.TC_001_ManagerLogin -->
    </test> <!-- Test -->
  </suite> <!-- Suite -->
</testng-results>
