<?xml version="1.0" encoding="UTF-8"?>
<!-- Generated by org.testng.reporters.JUnitReportReporter -->
<testsuite hostname="pc0557" failures="1" tests="1" name="com.Module_11.testcases.TC_001" time="11.133" errors="0" timestamp="16 Jun 2023 12:50:25 GMT" skipped="0">
  <testcase classname="com.Module_11.testcases.TC_001" name="doLogin" time="11.133">
    <failure message="Error {
  message=&#039;selector: expected string, got undefined
  name=&#039;Error
  stack=&#039;Error: selector: expected string, got undefined
    at tString (C:\Users\DEEP~1.MAN\AppData\Local\Temp\playwright-java-17903577266800471046\package\lib\protocol\validatorPrimitives.js:69:9)
    at C:\Users\DEEP~1.MAN\AppData\Local\Temp\playwright-java-17903577266800471046\package\lib\protocol\validatorPrimitives.js:134:21
    at DispatcherConnection.dispatch (C:\Users\DEEP~1.MAN\AppData\Local\Temp\playwright-java-17903577266800471046\package\lib\server\dispatchers\dispatcher.js:306:21)
    at PipeTransport.transport.onmessage (C:\Users\DEEP~1.MAN\AppData\Local\Temp\playwright-java-17903577266800471046\package\lib\cli\driver.js:67:57)
    at Immediate._onImmediate (C:\Users\DEEP~1.MAN\AppData\Local\Temp\playwright-java-17903577266800471046\package\lib\protocol\transport.js:89:34)
    at processImmediate (node:internal/timers:466:21)
}" type="java.lang.AssertionError">
      <![CDATA[java.lang.AssertionError: Error {
  message='selector: expected string, got undefined
  name='Error
  stack='Error: selector: expected string, got undefined
    at tString (C:\Users\DEEP~1.MAN\AppData\Local\Temp\playwright-java-17903577266800471046\package\lib\protocol\validatorPrimitives.js:69:9)
    at C:\Users\DEEP~1.MAN\AppData\Local\Temp\playwright-java-17903577266800471046\package\lib\protocol\validatorPrimitives.js:134:21
    at DispatcherConnection.dispatch (C:\Users\DEEP~1.MAN\AppData\Local\Temp\playwright-java-17903577266800471046\package\lib\server\dispatchers\dispatcher.js:306:21)
    at PipeTransport.transport.onmessage (C:\Users\DEEP~1.MAN\AppData\Local\Temp\playwright-java-17903577266800471046\package\lib\cli\driver.js:67:57)
    at Immediate._onImmediate (C:\Users\DEEP~1.MAN\AppData\Local\Temp\playwright-java-17903577266800471046\package\lib\protocol\transport.js:89:34)
    at processImmediate (node:internal/timers:466:21)
}
at org.testng.Assert.fail(Assert.java:96)
at com.Module_11.base.BaseTest.click(BaseTest.java:84)
at com.Module_11.testcases.TC_001.doLogin(TC_001.java:18)
at java.base/jdk.internal.reflect.NativeMethodAccessorImpl.invoke0(Native Method)
at java.base/jdk.internal.reflect.NativeMethodAccessorImpl.invoke(NativeMethodAccessorImpl.java:77)
at java.base/jdk.internal.reflect.DelegatingMethodAccessorImpl.invoke(DelegatingMethodAccessorImpl.java:43)
at java.base/java.lang.reflect.Method.invoke(Method.java:568)
at org.testng.internal.MethodInvocationHelper.invokeMethod(MethodInvocationHelper.java:124)
at org.testng.internal.Invoker.invokeMethod(Invoker.java:583)
at org.testng.internal.Invoker.invokeTestMethod(Invoker.java:719)
at org.testng.internal.Invoker.invokeTestMethods(Invoker.java:989)
at org.testng.internal.TestMethodWorker.invokeTestMethods(TestMethodWorker.java:125)
at org.testng.internal.TestMethodWorker.run(TestMethodWorker.java:109)
at org.testng.TestRunner.privateRun(TestRunner.java:648)
at org.testng.TestRunner.run(TestRunner.java:505)
at org.testng.SuiteRunner.runTest(SuiteRunner.java:455)
at org.testng.SuiteRunner.access$000(SuiteRunner.java:40)
at org.testng.SuiteRunner$SuiteWorker.run(SuiteRunner.java:489)
at org.testng.internal.thread.ThreadUtil$1.call(ThreadUtil.java:52)
at java.base/java.util.concurrent.FutureTask.run(FutureTask.java:264)
at java.base/java.util.concurrent.ThreadPoolExecutor.runWorker(ThreadPoolExecutor.java:1136)
at java.base/java.util.concurrent.ThreadPoolExecutor$Worker.run(ThreadPoolExecutor.java:635)
at java.base/java.lang.Thread.run(Thread.java:833)
]]>
    </failure>
  </testcase> <!-- doLogin -->
</testsuite> <!-- com.Module_11.testcases.TC_001 -->
