<?xml version="1.0" encoding="UTF-8"?>
<!-- Generated by org.testng.reporters.JUnitReportReporter -->
<testsuite hostname="pc0557" failures="0" tests="3" name="com.Module_11.testcases.TC_003_OpenAccountTest" time="21.652" errors="1" timestamp="19 Jun 2023 12:44:06 GMT" skipped="0">
  <testcase classname="com.Module_11.testcases.TC_003_OpenAccountTest" name="openAccountTest" time="7.677"/>
  <testcase classname="com.Module_11.testcases.TC_003_OpenAccountTest" name="openAccountTest" time="5.933">
    <error message="Error {
  message=&#039;SEC_ERROR_UNKNOWN_ISSUER
=========================== logs ===========================
navigating to &quot;https://www.way2automation.com/angularjs-protractor/banking/#/login&quot;, waiting until &quot;load&quot;
============================================================
  name=&#039;Error
  stack=&#039;Error: SEC_ERROR_UNKNOWN_ISSUER
=========================== logs ===========================
navigating to &quot;https://www.way2automation.com/angularjs-protractor/banking/#/login&quot;, waiting until &quot;load&quot;
============================================================
    at FrameManager.frameAbortedNavigation (C:\Users\DEEP~1.MAN\AppData\Local\Temp\playwright-java-14874015678039201399\package\lib\server\frames.js:273:14)
    at FrameManager.requestFailed (C:\Users\DEEP~1.MAN\AppData\Local\Temp\playwright-java-14874015678039201399\package\lib\server\frames.js:369:12)
    at FFNetworkManager._onRequestFailed (C:\Users\DEEP~1.MAN\AppData\Local\Temp\playwright-java-14874015678039201399\package\lib\server\firefox\ffNetworkManager.js:171:30)
    at FFSession.emit (node:events:527:28)
    at C:\Users\DEEP~1.MAN\AppData\Local\Temp\playwright-java-14874015678039201399\package\lib\server\firefox\ffConnection.js:248:41
}" type="com.microsoft.playwright.PlaywrightException">
      <![CDATA[com.microsoft.playwright.PlaywrightException: Error {
  message='SEC_ERROR_UNKNOWN_ISSUER
=========================== logs ===========================
navigating to "https://www.way2automation.com/angularjs-protractor/banking/#/login", waiting until "load"
============================================================
  name='Error
  stack='Error: SEC_ERROR_UNKNOWN_ISSUER
=========================== logs ===========================
navigating to "https://www.way2automation.com/angularjs-protractor/banking/#/login", waiting until "load"
============================================================
    at FrameManager.frameAbortedNavigation (C:\Users\DEEP~1.MAN\AppData\Local\Temp\playwright-java-14874015678039201399\package\lib\server\frames.js:273:14)
    at FrameManager.requestFailed (C:\Users\DEEP~1.MAN\AppData\Local\Temp\playwright-java-14874015678039201399\package\lib\server\frames.js:369:12)
    at FFNetworkManager._onRequestFailed (C:\Users\DEEP~1.MAN\AppData\Local\Temp\playwright-java-14874015678039201399\package\lib\server\firefox\ffNetworkManager.js:171:30)
    at FFSession.emit (node:events:527:28)
    at C:\Users\DEEP~1.MAN\AppData\Local\Temp\playwright-java-14874015678039201399\package\lib\server\firefox\ffConnection.js:248:41
}
at com.microsoft.playwright.impl.WaitableResult.get(WaitableResult.java:54)
at com.microsoft.playwright.impl.ChannelOwner.runUntil(ChannelOwner.java:109)
at com.microsoft.playwright.impl.Connection.sendMessage(Connection.java:108)
at com.microsoft.playwright.impl.ChannelOwner.sendMessage(ChannelOwner.java:100)
at com.microsoft.playwright.impl.FrameImpl.navigateImpl(FrameImpl.java:401)
at com.microsoft.playwright.impl.PageImpl.lambda$navigate$32(PageImpl.java:800)
at com.microsoft.playwright.impl.LoggingSupport.withLogging(LoggingSupport.java:47)
at com.microsoft.playwright.impl.ChannelOwner.withLogging(ChannelOwner.java:85)
at com.microsoft.playwright.impl.PageImpl.navigate(PageImpl.java:800)
at com.microsoft.playwright.impl.PageImpl.navigate(PageImpl.java:41)
at com.microsoft.playwright.Page.navigate(Page.java:4309)
at com.Module_11.base.BaseTest.navigate(BaseTest.java:168)
at com.Module_11.testcases.TC_003_OpenAccountTest.openAccountTest(TC_003_OpenAccountTest.java:17)
at java.base/jdk.internal.reflect.NativeMethodAccessorImpl.invoke0(Native Method)
at java.base/jdk.internal.reflect.NativeMethodAccessorImpl.invoke(NativeMethodAccessorImpl.java:77)
at java.base/jdk.internal.reflect.DelegatingMethodAccessorImpl.invoke(DelegatingMethodAccessorImpl.java:43)
at java.base/java.lang.reflect.Method.invoke(Method.java:568)
at org.testng.internal.MethodInvocationHelper.invokeMethod(MethodInvocationHelper.java:124)
at org.testng.internal.Invoker.invokeMethod(Invoker.java:583)
at org.testng.internal.Invoker.invokeTestMethod(Invoker.java:719)
at org.testng.internal.Invoker.invokeTestMethods(Invoker.java:989)
at org.testng.internal.TestMethodWorker.invokeTestMethods(TestMethodWorker.java:125)
at org.testng.internal.TestMethodWorker.run(TestMethodWorker.java:109)
at org.testng.TestRunner.privateRun(TestRunner.java:648)
at org.testng.TestRunner.run(TestRunner.java:505)
at org.testng.SuiteRunner.runTest(SuiteRunner.java:455)
at org.testng.SuiteRunner.access$000(SuiteRunner.java:40)
at org.testng.SuiteRunner$SuiteWorker.run(SuiteRunner.java:489)
at org.testng.internal.thread.ThreadUtil$1.call(ThreadUtil.java:52)
at java.base/java.util.concurrent.FutureTask.run(FutureTask.java:264)
at java.base/java.util.concurrent.ThreadPoolExecutor.runWorker(ThreadPoolExecutor.java:1136)
at java.base/java.util.concurrent.ThreadPoolExecutor$Worker.run(ThreadPoolExecutor.java:635)
at java.base/java.lang.Thread.run(Thread.java:833)
Caused by: com.microsoft.playwright.impl.DriverException: Error {
  message='SEC_ERROR_UNKNOWN_ISSUER
=========================== logs ===========================
navigating to "https://www.way2automation.com/angularjs-protractor/banking/#/login", waiting until "load"
============================================================
  name='Error
  stack='Error: SEC_ERROR_UNKNOWN_ISSUER
=========================== logs ===========================
navigating to "https://www.way2automation.com/angularjs-protractor/banking/#/login", waiting until "load"
============================================================
    at FrameManager.frameAbortedNavigation (C:\Users\DEEP~1.MAN\AppData\Local\Temp\playwright-java-14874015678039201399\package\lib\server\frames.js:273:14)
    at FrameManager.requestFailed (C:\Users\DEEP~1.MAN\AppData\Local\Temp\playwright-java-14874015678039201399\package\lib\server\frames.js:369:12)
    at FFNetworkManager._onRequestFailed (C:\Users\DEEP~1.MAN\AppData\Local\Temp\playwright-java-14874015678039201399\package\lib\server\firefox\ffNetworkManager.js:171:30)
    at FFSession.emit (node:events:527:28)
    at C:\Users\DEEP~1.MAN\AppData\Local\Temp\playwright-java-14874015678039201399\package\lib\server\firefox\ffConnection.js:248:41
}
at com.microsoft.playwright.impl.Connection.dispatch(Connection.java:190)
at com.microsoft.playwright.impl.Connection.processOneMessage(Connection.java:170)
at com.microsoft.playwright.impl.ChannelOwner.runUntil(ChannelOwner.java:107)
... 31 more
]]>
    </error>
  </testcase> <!-- openAccountTest -->
  <testcase classname="com.Module_11.testcases.TC_003_OpenAccountTest" name="openAccountTest" time="8.042"/>
</testsuite> <!-- com.Module_11.testcases.TC_003_OpenAccountTest -->
