<?xml version="1.0" encoding="UTF-8"?>
<!-- Generated by org.testng.reporters.JUnitReportReporter -->
<testsuite hostname="pc0557" failures="0" tests="2" name="com.Module_11.testcases.TC_002_AddCustomer" time="5.814" errors="1" timestamp="29 Jun 2023 04:45:57 GMT" skipped="1">
  <testcase classname="com.Module_11.testcases.TC_002_AddCustomer" name="addCustomerTest" time="0.124">
    <skipped/>
  </testcase> <!-- addCustomerTest -->
  <testcase classname="com.Module_11.testcases.TC_002_AddCustomer" name="addCustomerTest" time="5.690">
    <error message="Failed to create driver" type="java.lang.RuntimeException">
      <![CDATA[java.lang.RuntimeException: Failed to create driver
at com.microsoft.playwright.impl.driver.Driver.ensureDriverInstalled(Driver.java:60)
at com.microsoft.playwright.impl.PlaywrightImpl.create(PlaywrightImpl.java:41)
at com.microsoft.playwright.Playwright.create(Playwright.java:96)
at com.microsoft.playwright.Playwright.create(Playwright.java:100)
at com.Module_11.base.BaseTest.getBrowser(BaseTest.java:138)
at com.Module_11.testcases.TC_002_AddCustomer.addCustomerTest(TC_002_AddCustomer.java:17)
at java.base/jdk.internal.reflect.NativeMethodAccessorImpl.invoke0(Native Method)
at java.base/jdk.internal.reflect.NativeMethodAccessorImpl.invoke(NativeMethodAccessorImpl.java:77)
at java.base/jdk.internal.reflect.DelegatingMethodAccessorImpl.invoke(DelegatingMethodAccessorImpl.java:43)
at java.base/java.lang.reflect.Method.invoke(Method.java:568)
at org.testng.internal.MethodInvocationHelper.invokeMethod(MethodInvocationHelper.java:124)
at org.testng.internal.Invoker.invokeMethod(Invoker.java:583)
at org.testng.internal.Invoker.invokeTestMethod(Invoker.java:719)
at org.testng.internal.Invoker.invokeTestMethods(Invoker.java:989)
at org.testng.internal.TestMethodWorker.invokeTestMethods(TestMethodWorker.java:125)
at org.testng.internal.TestMethodWorker.run(TestMethodWorker.java:109)
at org.testng.TestRunner.privateRun(TestRunner.java:648)
at org.testng.TestRunner.run(TestRunner.java:505)
at org.testng.SuiteRunner.runTest(SuiteRunner.java:455)
at org.testng.SuiteRunner.access$000(SuiteRunner.java:40)
at org.testng.SuiteRunner$SuiteWorker.run(SuiteRunner.java:489)
at org.testng.internal.thread.ThreadUtil$1.call(ThreadUtil.java:52)
at java.base/java.util.concurrent.FutureTask.run(FutureTask.java:264)
at java.base/java.util.concurrent.ThreadPoolExecutor.runWorker(ThreadPoolExecutor.java:1136)
at java.base/java.util.concurrent.ThreadPoolExecutor$Worker.run(ThreadPoolExecutor.java:635)
at java.base/java.lang.Thread.run(Thread.java:833)
Caused by: java.lang.RuntimeException: Failed to install browsers, exit code: 1
at com.microsoft.playwright.impl.driver.jar.DriverJar.installBrowsers(DriverJar.java:83)
at com.microsoft.playwright.impl.driver.jar.DriverJar.initialize(DriverJar.java:51)
at com.microsoft.playwright.impl.driver.Driver.ensureDriverInstalled(Driver.java:56)
... 25 more
]]>
    </error>
  </testcase> <!-- addCustomerTest -->
</testsuite> <!-- com.Module_11.testcases.TC_002_AddCustomer -->
