<?xml version="1.0" encoding="UTF-8"?>
<!-- Generated by org.testng.reporters.JUnitXMLReporter -->
<testsuite ignored="0" hostname="pc0557" failures="1" tests="1" name="Login Test" time="9.076" errors="0" timestamp="16 Jun 2023 09:36:56 GMT">
  <testcase classname="com.Module_12.testcases.TC_001" name="doLogin" time="8.532">
    <failure type="java.lang.AssertionError" message="Error {
  message=&amp;apos;selector: expected string, got undefined
  name=&amp;apos;Error
  stack=&amp;apos;Error: selector: expected string, got undefined
    at tString (C:\Users\DEEP~1.MAN\AppData\Local\Temp\playwright-java-4991534560731713874\package\lib\protocol\validatorPrimitives.js:69:9)
    at C:\Users\DEEP~1.MAN\AppData\Local\Temp\playwright-java-4991534560731713874\package\lib\protocol\validatorPrimitives.js:134:21
    at DispatcherConnection.dispatch (C:\Users\DEEP~1.MAN\AppData\Local\Temp\playwright-java-4991534560731713874\package\lib\server\dispatchers\dispatcher.js:306:21)
    at PipeTransport.transport.onmessage (C:\Users\DEEP~1.MAN\AppData\Local\Temp\playwright-java-4991534560731713874\package\lib\cli\driver.js:67:57)
    at Immediate._onImmediate (C:\Users\DEEP~1.MAN\AppData\Local\Temp\playwright-java-4991534560731713874\package\lib\protocol\transport.js:89:34)
    at processImmediate (node:internal/timers:466:21)
}">
      <![CDATA[java.lang.AssertionError: Error {
  message='selector: expected string, got undefined
  name='Error
  stack='Error: selector: expected string, got undefined
    at tString (C:\Users\DEEP~1.MAN\AppData\Local\Temp\playwright-java-4991534560731713874\package\lib\protocol\validatorPrimitives.js:69:9)
    at C:\Users\DEEP~1.MAN\AppData\Local\Temp\playwright-java-4991534560731713874\package\lib\protocol\validatorPrimitives.js:134:21
    at DispatcherConnection.dispatch (C:\Users\DEEP~1.MAN\AppData\Local\Temp\playwright-java-4991534560731713874\package\lib\server\dispatchers\dispatcher.js:306:21)
    at PipeTransport.transport.onmessage (C:\Users\DEEP~1.MAN\AppData\Local\Temp\playwright-java-4991534560731713874\package\lib\cli\driver.js:67:57)
    at Immediate._onImmediate (C:\Users\DEEP~1.MAN\AppData\Local\Temp\playwright-java-4991534560731713874\package\lib\protocol\transport.js:89:34)
    at processImmediate (node:internal/timers:466:21)
}
at com.Module_12.base.BaseTest.type(BaseTest.java:117)
at com.Module_12.testcases.TC_001.doLogin(TC_001.java:13)
... Removed 26 stack frames]]>
    </failure>
  </testcase> <!-- doLogin -->
</testsuite> <!-- Login Test -->
